2025-09-14T08:36:39.638606 [Suggest] .snapindex_processed.json -> Filename Snapindex Processed Json.json
2025-09-14T08:36:41.912388 [Suggest] 50e7d6464d53b10ff3d8992cc12c30771037dbf85254794074297edc974e_640.jpg -> Filename 50E7D6464D53B10Ff3D8992Cc12C30771037Dbf85254794074297Edc974E 640 Jpg.jpg
2025-09-14T08:36:43.714060 [Suggest] 50e9d6454e57b10ff3d8992cc12c30771037dbf85254794e702672d3934d_640.jpg -> Filename 50E9D6454E57B10Ff3D8992Cc12C30771037Dbf85254794E702672D3934D 640 Jpg.jpg
2025-09-14T08:36:45.312411 [Suggest] 52e1d74a4e53b10ff3d8992cc12c30771037dbf85254784e772679d6974c_640.jpg -> Filename 52E1D74A4E53B10Ff3D8992Cc12C30771037Dbf85254784E772679D6974C 640 Jpg.jpg
2025-09-14T08:36:46.987110 [Suggest] 52e2d444495bab14f1dc8460962e33791c3ad6e04e507440742e7dd5974cc7_640.jpg -> Filename 52E2D444495Bab14F1Dc8460962E33791C3Ad6E04E507440742E7Dd5974Cc7 640 Jpg.jpg
2025-09-14T08:36:48.635342 [Suggest] 53e2d6444256a814f1dc8460962e33791c3ad6e04e507440742f7cd79249c7_640.jpg -> Filename 53E2D6444256A814F1Dc8460962E33791C3Ad6E04E507440742F7Cd79249C7 640 Jpg.jpg
2025-09-14T08:36:50.253473 [Suggest] 53e2d7424353a814f1dc8460962e33791c3ad6e04e50744075287cdd9e49c4_640.jpg -> Filename 53E2D7424353A814F1Dc8460962E33791C3Ad6E04E50744075287Cdd9E49C4 640 Jpg.jpg
2025-09-14T08:36:52.033058 [Suggest] 54e4d7434953a514f1dc8460962e33791c3ad6e04e50744172297ed2934ac3_640.png -> Filename 54E4D7434953A514F1Dc8460962E33791C3Ad6E04E50744172297Ed2934Ac3 640 Png.png
2025-09-14T08:36:53.680840 [Suggest] 55e2d0424a52ac14f1dc8460962e33791c3ad6e04e507440752972d3924bc6_640.jpg -> Filename 55E2D0424A52Ac14F1Dc8460962E33791C3Ad6E04E507440752972D3924Bc6 640 Jpg.jpg
2025-09-14T08:36:55.351526 [Suggest] 55e2d3404c52ac14f1dc8460962e33791c3ad6e04e5074417c2d78dc9f44c7_640.jpg -> Filename 55E2D3404C52Ac14F1Dc8460962E33791C3Ad6E04E5074417C2D78Dc9F44C7 640 Jpg.jpg
2025-09-14T08:36:56.243859 [Suggest] 55e3d2404a51ae14f1dc8460962e33791c3ad6e04e507440742a7ad6954cc4_640.jpg -> Filename 55E3D2404A51Ae14F1Dc8460962E33791C3Ad6E04E507440742A7Ad6954Cc4 640 Jpg.jpg
2025-09-14T08:36:56.796254 [Suggest] 55e5d5454b5aac14f1dc8460962e33791c3ad6e04e507440772d7cdd914ec6_640.jpg -> Filename 55E5D5454B5Aac14F1Dc8460962E33791C3Ad6E04E507440772D7Cdd914Ec6 640 Jpg.jpg
2025-09-14T08:36:57.423769 [Suggest] 57e0d5454b52ac14f1dc8460962e33791c3ad6e04e5074417d2e72d19f48c4_640.jpg -> Filename 57E0D5454B52Ac14F1Dc8460962E33791C3Ad6E04E5074417D2E72D19F48C4 640 Jpg.jpg
2025-09-14T08:36:57.973083 [Suggest] 57e2d1464d56a414f1dc8460962e33791c3ad6e04e50744172287cd19649c5_640.jpg -> Filename 57E2D1464D56A414F1Dc8460962E33791C3Ad6E04E50744172287Cd19649C5 640 Jpg.jpg
2025-09-14T08:36:58.637889 [Suggest] 57e2d4474851af14f1dc8460962e33791c3ad6e04e507440762a7cd4954cc3_640.jpg -> Filename 57E2D4474851Af14F1Dc8460962E33791C3Ad6E04E507440762A7Cd4954Cc3 640 Jpg.jpg
2025-09-14T08:36:59.250613 [Suggest] 57e5dd4b4b52a414f1dc8460962e33791c3ad6e04e5074417c2f7dd49f44c0_640.jpg -> Filename 57E5Dd4B4B52A414F1Dc8460962E33791C3Ad6E04E5074417C2F7Dd49F44C0 640 Jpg.jpg
2025-09-14T08:36:59.796418 [Suggest] 5fe8d24a4d50b10ff3d8992cc12c30771037dbf852547849752c7fd6924c_640.jpg -> Filename 5Fe8D24A4D50B10Ff3D8992Cc12C30771037Dbf852547849752C7Fd6924C 640 Jpg.jpg
2025-09-14T08:37:00.497518 [Suggest] fire-657110_640.jpg -> Filename Fire-657110 640 Jpg.jpg
2025-09-14T08:37:01.218944 [Suggest] lorem_ipsum_dolor.jpg -> Filename Lorem Ipsum Dolor Jpg.jpg
2025-09-14T08:37:01.834339 [Suggest] princess-2483942_640.jpg -> Filename Princess-2483942 640 Jpg.jpg
2025-09-14T08:37:02.470804 [Suggest] valentin-salja-vh7RmF-NjMc-unsplash.jpg -> Filename Valentin-Salja Vh7Rmf-Njmc Unsplash Jpg.jpg
2025-09-14T08:40:24.715595 [Suggest] .snapindex_processed.json -> Filename Snapindex Processed Json.json
2025-09-14T08:40:27.380925 [Suggest] 50e7d6464d53b10ff3d8992cc12c30771037dbf85254794074297edc974e_640.jpg -> Filename 50E7D6464D53B10Ff3D8992Cc12C30771037Dbf85254794074297Edc974E 640 Jpg.jpg
2025-09-14T08:40:29.209280 [Suggest] 50e9d6454e57b10ff3d8992cc12c30771037dbf85254794e702672d3934d_640.jpg -> Filename 50E9D6454E57B10Ff3D8992Cc12C30771037Dbf85254794E702672D3934D 640 Jpg.jpg
2025-09-14T08:40:30.984586 [Suggest] 52e1d74a4e53b10ff3d8992cc12c30771037dbf85254784e772679d6974c_640.jpg -> Filename 52E1D74A4E53B10Ff3D8992Cc12C30771037Dbf85254784E772679D6974C 640 Jpg.jpg
2025-09-14T08:40:32.786979 [Suggest] 52e2d444495bab14f1dc8460962e33791c3ad6e04e507440742e7dd5974cc7_640.jpg -> Filename 52E2D444495Bab14F1Dc8460962E33791C3Ad6E04E507440742E7Dd5974Cc7 640 Jpg.jpg
2025-09-14T08:40:34.608405 [Suggest] 53e2d6444256a814f1dc8460962e33791c3ad6e04e507440742f7cd79249c7_640.jpg -> Filename 53E2D6444256A814F1Dc8460962E33791C3Ad6E04E507440742F7Cd79249C7 640 Jpg.jpg
2025-09-14T08:40:36.404989 [Suggest] 53e2d7424353a814f1dc8460962e33791c3ad6e04e50744075287cdd9e49c4_640.jpg -> Filename 53E2D7424353A814F1Dc8460962E33791C3Ad6E04E50744075287Cdd9E49C4 640 Jpg.jpg
2025-09-14T08:40:38.219859 [Suggest] 54e4d7434953a514f1dc8460962e33791c3ad6e04e50744172297ed2934ac3_640.png -> Filename 54E4D7434953A514F1Dc8460962E33791C3Ad6E04E50744172297Ed2934Ac3 640 Png.png
2025-09-14T08:40:40.058022 [Suggest] 55e2d0424a52ac14f1dc8460962e33791c3ad6e04e507440752972d3924bc6_640.jpg -> Filename 55E2D0424A52Ac14F1Dc8460962E33791C3Ad6E04E507440752972D3924Bc6 640 Jpg.jpg
2025-09-14T08:40:41.897952 [Suggest] 55e2d3404c52ac14f1dc8460962e33791c3ad6e04e5074417c2d78dc9f44c7_640.jpg -> Filename 55E2D3404C52Ac14F1Dc8460962E33791C3Ad6E04E5074417C2D78Dc9F44C7 640 Jpg.jpg
2025-09-14T08:40:43.742550 [Suggest] 55e3d2404a51ae14f1dc8460962e33791c3ad6e04e507440742a7ad6954cc4_640.jpg -> Filename 55E3D2404A51Ae14F1Dc8460962E33791C3Ad6E04E507440742A7Ad6954Cc4 640 Jpg.jpg
2025-09-14T08:40:45.560917 [Suggest] 55e5d5454b5aac14f1dc8460962e33791c3ad6e04e507440772d7cdd914ec6_640.jpg -> Filename 55E5D5454B5Aac14F1Dc8460962E33791C3Ad6E04E507440772D7Cdd914Ec6 640 Jpg.jpg
2025-09-14T08:40:47.374328 [Suggest] 57e0d5454b52ac14f1dc8460962e33791c3ad6e04e5074417d2e72d19f48c4_640.jpg -> Filename 57E0D5454B52Ac14F1Dc8460962E33791C3Ad6E04E5074417D2E72D19F48C4 640 Jpg.jpg
2025-09-14T08:40:49.223298 [Suggest] 57e2d1464d56a414f1dc8460962e33791c3ad6e04e50744172287cd19649c5_640.jpg -> Filename 57E2D1464D56A414F1Dc8460962E33791C3Ad6E04E50744172287Cd19649C5 640 Jpg.jpg
2025-09-14T08:40:51.051442 [Suggest] 57e2d4474851af14f1dc8460962e33791c3ad6e04e507440762a7cd4954cc3_640.jpg -> Filename 57E2D4474851Af14F1Dc8460962E33791C3Ad6E04E507440762A7Cd4954Cc3 640 Jpg.jpg
2025-09-14T08:40:52.857046 [Suggest] 57e5dd4b4b52a414f1dc8460962e33791c3ad6e04e5074417c2f7dd49f44c0_640.jpg -> Filename 57E5Dd4B4B52A414F1Dc8460962E33791C3Ad6E04E5074417C2F7Dd49F44C0 640 Jpg.jpg
2025-09-14T08:40:54.628295 [Suggest] 5fe8d24a4d50b10ff3d8992cc12c30771037dbf852547849752c7fd6924c_640.jpg -> Filename 5Fe8D24A4D50B10Ff3D8992Cc12C30771037Dbf852547849752C7Fd6924C 640 Jpg.jpg
2025-09-14T08:40:56.879510 [Suggest] fire-657110_640.jpg -> Filename Fire-657110 640 Jpg.jpg
2025-09-14T08:40:58.796582 [Suggest] lorem_ipsum_dolor.jpg -> Filename Lorem Ipsum Dolor Jpg.jpg
2025-09-14T08:41:00.364047 [Suggest] princess-2483942_640.jpg -> Filename Princess-2483942 640 Jpg.jpg
2025-09-14T08:41:01.808836 [Suggest] valentin-salja-vh7RmF-NjMc-unsplash.jpg -> Filename Valentin-Salja Vh7Rmf-Njmc Unsplash Jpg.jpg
2025-09-14T08:44:22.644280 [Suggest] .snapindex_processed.json -> Processed_Images_50e7d6464d53b10ff3d8992cc12c30771037dbf85254794074297edc974e.json.json
2025-09-14T08:44:26.357803 [Suggest] 50e7d6464d53b10ff3d8992cc12c30771037dbf85254794074297edc974e_640.jpg -> Stretcher_Pole.jpg
2025-09-14T08:44:29.601883 [Suggest] 50e9d6454e57b10ff3d8992cc12c30771037dbf85254794e702672d3934d_640.jpg -> Confectionery_Candy_Store.jpg
2025-09-14T08:44:33.094979 [Suggest] 52e1d74a4e53b10ff3d8992cc12c30771037dbf85254784e772679d6974c_640.jpg -> Pedestal Plinth Footstall.jpg
2025-09-14T08:44:36.073556 [Suggest] 52e2d444495bab14f1dc8460962e33791c3ad6e04e507440742e7dd5974cc7_640.jpg -> VolcanoImage.jpg
2025-09-14T08:44:40.092069 [Suggest] 53e2d6444256a814f1dc8460962e33791c3ad6e04e507440742f7cd79249c7_640.jpg -> Eastern Fox Squirrel Birdhouse.jpg
2025-09-14T08:44:48.828106 [Suggest] 53e2d7424353a814f1dc8460962e33791c3ad6e04e50744075287cdd9e49c4_640.jpg -> Running Shoe Image.jpg
2025-09-14T08:45:00.023173 [Suggest] 54e4d7434953a514f1dc8460962e33791c3ad6e04e50744172297ed2934ac3_640.png -> Spotlight-Microphone-Traffic-Light.png
2025-09-14T08:45:09.013327 [Suggest] 55e2d0424a52ac14f1dc8460962e33791c3ad6e04e507440752972d3924bc6_640.jpg -> Prison House Image.jpg
2025-09-14T08:45:17.554892 [Suggest] 55e2d3404c52ac14f1dc8460962e33791c3ad6e04e5074417c2d78dc9f44c7_640.jpg -> Safety Pin Image.jpg
2025-09-14T08:45:28.248377 [Suggest] 55e3d2404a51ae14f1dc8460962e33791c3ad6e04e507440742a7ad6954cc4_640.jpg -> Pineapple_Ananas.jpg
2025-09-14T08:45:40.339408 [Suggest] 55e5d5454b5aac14f1dc8460962e33791c3ad6e04e507440772d7cdd914ec6_640.jpg -> QuillPenPlungerPlumberHatchetCowboyBoot.jpg
2025-09-14T08:45:51.053956 [Suggest] 57e0d5454b52ac14f1dc8460962e33791c3ad6e04e5074417d2e72d19f48c4_640.jpg -> Sunglasses 57e0d5454b52ac14f1dc8460962e33791c3ad6e04e5074417d2e72d19f48c4_.jpg
2025-09-14T08:46:01.539756 [Suggest] 57e2d1464d56a414f1dc8460962e33791c3ad6e04e50744172287cd19649c5_640.jpg -> ScrewChainHipRoseHipRosehip.jpg
2025-09-14T08:46:10.130064 [Suggest] 57e2d4474851af14f1dc8460962e33791c3ad6e04e507440762a7cd4954cc3_640.jpg -> Alp.jpg.jpg
2025-09-14T08:46:19.189106 [Suggest] 57e5dd4b4b52a414f1dc8460962e33791c3ad6e04e5074417c2f7dd49f44c0_640.jpg -> Honeycomb.jpg.jpg
2025-09-14T08:46:30.686269 [Suggest] 5fe8d24a4d50b10ff3d8992cc12c30771037dbf852547849752c7fd6924c_640.jpg -> Terrapin-MudTurtle.jpg.jpg
2025-09-14T08:46:37.578492 [Suggest] fire-657110_640.jpg -> Torch Image.jpg
2025-09-14T08:46:46.112414 [Suggest] lorem_ipsum_dolor.jpg -> Koalabearnativebear.jpg
2025-09-14T08:46:54.149475 [Suggest] princess-2483942_640.jpg -> Sandals Running Shop.jpg
2025-09-14T08:47:05.652699 [Suggest] valentin-salja-vh7RmF-NjMc-unsplash.jpg -> Valentin-Salja-Vh7RmF-NjMc-unsplash.jpg
2025-09-14T08:50:20.607604 [Suggest] .snapindex_processed.json -> Processed_Images_50e7d6464d53b10ff3d8992cc12c30771037dbf85254794074297edc974e.json.json
2025-09-14T08:50:27.767485 [Suggest] 50e7d6464d53b10ff3d8992cc12c30771037dbf85254794074297edc974e_640.jpg -> Stretcher-Pole.jpg
2025-09-14T08:50:31.453722 [Suggest] 50e9d6454e57b10ff3d8992cc12c30771037dbf85254794e702672d3934d_640.jpg -> Confectionery Store Image.jpg
2025-09-14T08:50:35.831167 [Suggest] 52e1d74a4e53b10ff3d8992cc12c30771037dbf85254784e772679d6974c_640.jpg -> Pedestal-Plinth-Footstall.jpg
2025-09-14T08:50:42.637817 [Suggest] 52e2d444495bab14f1dc8460962e33791c3ad6e04e507440742e7dd5974cc7_640.jpg -> VolcanoImage.jpg
2025-09-14T08:50:51.330110 [Suggest] 53e2d6444256a814f1dc8460962e33791c3ad6e04e507440742f7cd79249c7_640.jpg -> Eastern Fox Squirrel Birdhouse.jpg
2025-09-14T08:50:58.685271 [Suggest] 53e2d7424353a814f1dc8460962e33791c3ad6e04e50744075287cdd9e49c4_640.jpg -> Running Shoe Image.jpg
2025-09-14T08:51:07.076691 [Suggest] 54e4d7434953a514f1dc8460962e33791c3ad6e04e50744172297ed2934ac3_640.png -> SpotLight.png.png
2025-09-14T08:51:15.022195 [Suggest] 55e2d0424a52ac14f1dc8460962e33791c3ad6e04e507440752972d3924bc6_640.jpg -> Prison House Image.jpg
2025-09-14T08:51:22.559628 [Suggest] 55e2d3404c52ac14f1dc8460962e33791c3ad6e04e5074417c2d78dc9f44c7_640.jpg -> Safety_Pin.jpg
2025-09-14T08:51:31.566556 [Suggest] 55e3d2404a51ae14f1dc8460962e33791c3ad6e04e507440742a7ad6954cc4_640.jpg -> Pineapple_ananas_640px.jpg
2025-09-14T08:51:41.189858 [Suggest] 55e5d5454b5aac14f1dc8460962e33791c3ad6e04e507440772d7cdd914ec6_640.jpg -> QuillPenPlungerPlumberHatchetBoot.jpg
2025-09-14T08:52:04.192477 [Suggest] 57e0d5454b52ac14f1dc8460962e33791c3ad6e04e5074417d2e72d19f48c4_640.jpg -> Sunglasses 57e0d5454b52ac14f1dc8460962e33791c3ad6e04e5074417d2e72d19f48c4_.jpg
2025-09-14T08:52:13.210092 [Suggest] 57e2d1464d56a414f1dc8460962e33791c3ad6e04e50744172287cd19649c5_640.jpg -> ScrewChainHipRoseHipRosehip.jpg
2025-09-14T08:52:20.769667 [Suggest] 57e2d4474851af14f1dc8460962e33791c3ad6e04e507440762a7cd4954cc3_640.jpg -> Alp Image.jpg
2025-09-14T08:52:28.679803 [Suggest] 57e5dd4b4b52a414f1dc8460962e33791c3ad6e04e5074417c2f7dd49f44c0_640.jpg -> Honeycomb.jpg.jpg
2025-09-14T08:52:42.022277 [Suggest] 5fe8d24a4d50b10ff3d8992cc12c30771037dbf852547849752c7fd6924c_640.jpg -> Terrapin-MudTurtle-BoxTurtle-Leatherback-Turtle-Dermochelys.jpg.jpg
2025-09-14T08:52:47.961638 [Suggest] fire-657110_640.jpg -> Torch Image.jpg
2025-09-14T08:52:55.731857 [Suggest] lorem_ipsum_dolor.jpg -> Koalabearbearnativebear.jpg
2025-09-14T08:53:03.129915 [Suggest] princess-2483942_640.jpg -> Sandals Running Shop.jpg
2025-09-14T08:53:13.027860 [Suggest] valentin-salja-vh7RmF-NjMc-unsplash.jpg -> Valentin-Salja-VH7RmF-NjMc-Unsplash.jpg.jpg
2025-09-14T08:55:48.650811 [Suggest] 52e1d74a4e53b10ff3d8992cc12c30771037dbf85254784e772679d6974c_640.jpg -> Pedestal Plinth Footstall.jpg
2025-09-14T08:56:00.571887 [Suggest] 53e2d6444256a814f1dc8460962e33791c3ad6e04e507440742f7cd79249c7_640.jpg -> Fox_Squirrel_Eastern_Fox_Squirrel_Birdhouse.jpg
2025-09-14T08:56:11.575138 [Suggest] 5fe8d24a4d50b10ff3d8992cc12c30771037dbf852547849752c7fd6924c_640.jpg -> Terrapin.jpg.jpg
2025-09-14T08:56:18.255082 [Suggest] fire-657110_640.jpg -> torch-shot.jpg
2025-09-14T08:56:26.330281 [Suggest] princess-2483942_640.jpg -> Sandals Running Shop.jpg
2025-09-14T08:59:30.922345 [Suggest] 52e1d74a4e53b10ff3d8992cc12c30771037dbf85254784e772679d6974c_640.jpg -> Pedestal Plinth Footstall.jpg
2025-09-14T08:59:40.912276 [Suggest] 53e2d6444256a814f1dc8460962e33791c3ad6e04e507440742f7cd79249c7_640.jpg -> Eastern Fox Squirrel Birdhouse.jpg
2025-09-14T08:59:49.730105 [Suggest] 5fe8d24a4d50b10ff3d8992cc12c30771037dbf852547849752c7fd6924c_640.jpg -> Terrapins, Mud Turtles, Box Turtles, Box Tortoises, Leatherbacks, Leatherbacks, Leathery Turtles, Dermochelys Coriacea,.jpg
2025-09-14T08:59:51.332255 [Suggest] fire-657110_640.jpg -> Torch Image.jpg
2025-09-14T08:59:53.219777 [Suggest] princess-2483942_640.jpg -> Sandals Running Shop.jpg
2025-09-14T08:59:56.679954 [Suggest] 52e1d74a4e53b10ff3d8992cc12c30771037dbf85254784e772679d6974c_640.jpg -> Pedestal Plinth Footstall.jpg
2025-09-14T08:59:56.682463 [Suggest] 53e2d6444256a814f1dc8460962e33791c3ad6e04e507440742f7cd79249c7_640.jpg -> Eastern Fox Squirrel Birdhouse.jpg
2025-09-14T08:59:56.686840 [Suggest] 5fe8d24a4d50b10ff3d8992cc12c30771037dbf852547849752c7fd6924c_640.jpg -> Terrapins, Mud Turtles, Box Turtles, Box Tortoises, Leatherbacks, Leatherbacks, Leathery Turtles, Dermochelys Coriacea,.jpg
2025-09-14T08:59:56.689350 [Suggest] fire-657110_640.jpg -> Torch Image.jpg
2025-09-14T08:59:56.691351 [Suggest] princess-2483942_640.jpg -> Sandals Running Shop.jpg
2025-09-14T09:24:03.788414 [Suggest] Eastern Fox Squirrel Birdhouse.jpg -> Eastern Fox Squirrel Birdhouse.jpg
2025-09-14T09:24:05.883558 [Suggest] Pedestal Plinth Footstall.jpg -> Pedestal Plinth Footstall.jpg
2025-09-14T09:24:07.739020 [Suggest] Sandals Running Shop.jpg -> Sandals Running Shop.jpg
2025-09-14T09:24:09.877227 [Suggest] Terrapins, Mud Turtles, Box Turtles, Box Tortoises, Leatherbacks, Leatherbacks, Leathery Turtles, Dermochelys Coriacea,.jpg -> Terrapins.jpg
2025-09-14T09:24:11.452365 [Suggest] Torch Image.jpg -> Torch Image.jpg
2025-09-14T09:24:24.723576 [Suggest] Eastern Fox Squirrel Birdhouse.jpg -> Eastern Fox Squirrel Birdhouse (1).jpg
2025-09-14T09:24:24.725967 [Suggest] Pedestal Plinth Footstall.jpg -> Pedestal Plinth Footstall (1).jpg
2025-09-14T09:24:24.729646 [Suggest] Sandals Running Shop.jpg -> Sandals Running Shop (1).jpg
2025-09-14T09:24:24.732950 [Suggest] Terrapins, Mud Turtles, Box Turtles, Box Tortoises, Leatherbacks, Leatherbacks, Leathery Turtles, Dermochelys Coriacea,.jpg -> Terrapins.jpg
2025-09-14T09:24:24.736950 [Suggest] Torch Image.jpg -> Torch Image (1).jpg
